<?xml version="1.0" encoding="UTF-8"?>
<!-- Generated by org.testng.reporters.JUnitReportReporter -->
<testsuite hostname="DESKTOP-JE2TPP7" failures="0" tests="1" name="Module1.WindowPopupTest" time="20.747" errors="0" timestamp="2025-07-20T21:50:34 IST" skipped="0">
  <testcase classname="Module1.WindowPopupTest" name="testChildWindowHandling" time="20.747"/>
  <system-out/>
</testsuite> <!-- Module1.WindowPopupTest -->
